[04-Oct-2016 22:22:23 Europe/Madrid] PHP Warning:  require_once(../Herramientas.class.php): failed to open stream: No such file or directory in /Users/grace/Sites/patronesdiseno/builder/index.php on line 10
[04-Oct-2016 22:22:23 Europe/Madrid] PHP Stack trace:
[04-Oct-2016 22:22:23 Europe/Madrid] PHP   1. {main}() /Users/grace/Sites/patronesdiseno/builder/index.php:0
[04-Oct-2016 22:22:23 Europe/Madrid] PHP Fatal error:  require_once(): Failed opening required '../Herramientas.class.php' (include_path='.:') in /Users/grace/Sites/patronesdiseno/builder/index.php on line 10
[04-Oct-2016 22:22:23 Europe/Madrid] PHP Stack trace:
[04-Oct-2016 22:22:23 Europe/Madrid] PHP   1. {main}() /Users/grace/Sites/patronesdiseno/builder/index.php:0
[04-Oct-2016 22:22:42 Europe/Madrid] PHP Warning:  require_once(../Herramientas.php): failed to open stream: No such file or directory in /Users/grace/Sites/patronesdiseno/builder/index.php on line 10
[04-Oct-2016 22:22:42 Europe/Madrid] PHP Stack trace:
[04-Oct-2016 22:22:42 Europe/Madrid] PHP   1. {main}() /Users/grace/Sites/patronesdiseno/builder/index.php:0
[04-Oct-2016 22:22:42 Europe/Madrid] PHP Fatal error:  require_once(): Failed opening required '../Herramientas.php' (include_path='.:') in /Users/grace/Sites/patronesdiseno/builder/index.php on line 10
[04-Oct-2016 22:22:42 Europe/Madrid] PHP Stack trace:
[04-Oct-2016 22:22:42 Europe/Madrid] PHP   1. {main}() /Users/grace/Sites/patronesdiseno/builder/index.php:0
[04-Oct-2016 22:22:55 Europe/Madrid] PHP Warning:  require_once(../Herramientas.php): failed to open stream: No such file or directory in /Users/grace/Sites/patronesdiseno/builder/index.php on line 10
[04-Oct-2016 22:22:55 Europe/Madrid] PHP Stack trace:
[04-Oct-2016 22:22:55 Europe/Madrid] PHP   1. {main}() /Users/grace/Sites/patronesdiseno/builder/index.php:0
[04-Oct-2016 22:22:55 Europe/Madrid] PHP Fatal error:  require_once(): Failed opening required '../Herramientas.php' (include_path='.:') in /Users/grace/Sites/patronesdiseno/builder/index.php on line 10
[04-Oct-2016 22:22:55 Europe/Madrid] PHP Stack trace:
[04-Oct-2016 22:22:55 Europe/Madrid] PHP   1. {main}() /Users/grace/Sites/patronesdiseno/builder/index.php:0
[04-Oct-2016 22:23:18 Europe/Madrid] PHP Warning:  require_once(../Herramientas.php): failed to open stream: No such file or directory in /Users/grace/Sites/patronesdiseno/builder/index.php on line 10
[04-Oct-2016 22:23:18 Europe/Madrid] PHP Stack trace:
[04-Oct-2016 22:23:18 Europe/Madrid] PHP   1. {main}() /Users/grace/Sites/patronesdiseno/builder/index.php:0
[04-Oct-2016 22:23:18 Europe/Madrid] PHP Fatal error:  require_once(): Failed opening required '../Herramientas.php' (include_path='.:') in /Users/grace/Sites/patronesdiseno/builder/index.php on line 10
[04-Oct-2016 22:23:18 Europe/Madrid] PHP Stack trace:
[04-Oct-2016 22:23:18 Europe/Madrid] PHP   1. {main}() /Users/grace/Sites/patronesdiseno/builder/index.php:0
[04-Oct-2016 22:23:23 Europe/Madrid] PHP Warning:  require_once(../Herramientas.php): failed to open stream: No such file or directory in /Users/grace/Sites/patronesdiseno/builder/index.php on line 10
[04-Oct-2016 22:23:23 Europe/Madrid] PHP Stack trace:
[04-Oct-2016 22:23:23 Europe/Madrid] PHP   1. {main}() /Users/grace/Sites/patronesdiseno/builder/index.php:0
[04-Oct-2016 22:23:23 Europe/Madrid] PHP Fatal error:  require_once(): Failed opening required '../Herramientas.php' (include_path='.:') in /Users/grace/Sites/patronesdiseno/builder/index.php on line 10
[04-Oct-2016 22:23:23 Europe/Madrid] PHP Stack trace:
[04-Oct-2016 22:23:23 Europe/Madrid] PHP   1. {main}() /Users/grace/Sites/patronesdiseno/builder/index.php:0
[04-Oct-2016 22:24:35 Europe/Madrid] PHP Warning:  require_once(../Herramientas.php): failed to open stream: No such file or directory in /Users/grace/Sites/patronesdiseno/builder/index.php on line 10
[04-Oct-2016 22:24:35 Europe/Madrid] PHP Stack trace:
[04-Oct-2016 22:24:35 Europe/Madrid] PHP   1. {main}() /Users/grace/Sites/patronesdiseno/builder/index.php:0
[04-Oct-2016 22:24:35 Europe/Madrid] PHP Fatal error:  require_once(): Failed opening required '../Herramientas.php' (include_path='.:') in /Users/grace/Sites/patronesdiseno/builder/index.php on line 10
[04-Oct-2016 22:24:35 Europe/Madrid] PHP Stack trace:
[04-Oct-2016 22:24:35 Europe/Madrid] PHP   1. {main}() /Users/grace/Sites/patronesdiseno/builder/index.php:0
[04-Oct-2016 22:25:01 Europe/Madrid] PHP Warning:  require_once(../Herramientas.php): failed to open stream: No such file or directory in /Users/grace/Sites/patronesdiseno/builder/index.php on line 10
[04-Oct-2016 22:25:01 Europe/Madrid] PHP Stack trace:
[04-Oct-2016 22:25:01 Europe/Madrid] PHP   1. {main}() /Users/grace/Sites/patronesdiseno/builder/index.php:0
[04-Oct-2016 22:25:01 Europe/Madrid] PHP Fatal error:  require_once(): Failed opening required '../Herramientas.php' (include_path='.:') in /Users/grace/Sites/patronesdiseno/builder/index.php on line 10
[04-Oct-2016 22:25:01 Europe/Madrid] PHP Stack trace:
[04-Oct-2016 22:25:01 Europe/Madrid] PHP   1. {main}() /Users/grace/Sites/patronesdiseno/builder/index.php:0
[04-Oct-2016 22:25:18 Europe/Madrid] PHP Warning:  require_once(../Herramientas.php): failed to open stream: No such file or directory in /Users/grace/Sites/patronesdiseno/builder/index.php on line 10
[04-Oct-2016 22:25:18 Europe/Madrid] PHP Stack trace:
[04-Oct-2016 22:25:18 Europe/Madrid] PHP   1. {main}() /Users/grace/Sites/patronesdiseno/builder/index.php:0
[04-Oct-2016 22:25:18 Europe/Madrid] PHP Fatal error:  require_once(): Failed opening required '../Herramientas.php' (include_path='.:') in /Users/grace/Sites/patronesdiseno/builder/index.php on line 10
[04-Oct-2016 22:25:18 Europe/Madrid] PHP Stack trace:
[04-Oct-2016 22:25:18 Europe/Madrid] PHP   1. {main}() /Users/grace/Sites/patronesdiseno/builder/index.php:0
[04-Oct-2016 22:26:08 Europe/Madrid] PHP Warning:  require_once(../Herramientas.php): failed to open stream: No such file or directory in /Users/grace/Sites/patronesdiseno/builder/index.php on line 12
[04-Oct-2016 22:26:08 Europe/Madrid] PHP Stack trace:
[04-Oct-2016 22:26:08 Europe/Madrid] PHP   1. {main}() /Users/grace/Sites/patronesdiseno/builder/index.php:0
[04-Oct-2016 22:26:08 Europe/Madrid] PHP Fatal error:  require_once(): Failed opening required '../Herramientas.php' (include_path='.:') in /Users/grace/Sites/patronesdiseno/builder/index.php on line 12
[04-Oct-2016 22:26:08 Europe/Madrid] PHP Stack trace:
[04-Oct-2016 22:26:08 Europe/Madrid] PHP   1. {main}() /Users/grace/Sites/patronesdiseno/builder/index.php:0
[04-Oct-2016 22:27:05 Europe/Madrid] PHP Warning:  require_once(../Herramientas.php): failed to open stream: No such file or directory in /Users/grace/Sites/patronesdiseno/builder/index.php on line 12
[04-Oct-2016 22:27:05 Europe/Madrid] PHP Stack trace:
[04-Oct-2016 22:27:05 Europe/Madrid] PHP   1. {main}() /Users/grace/Sites/patronesdiseno/builder/index.php:0
[04-Oct-2016 22:27:05 Europe/Madrid] PHP Fatal error:  require_once(): Failed opening required '../Herramientas.php' (include_path='.:') in /Users/grace/Sites/patronesdiseno/builder/index.php on line 12
[04-Oct-2016 22:27:05 Europe/Madrid] PHP Stack trace:
[04-Oct-2016 22:27:05 Europe/Madrid] PHP   1. {main}() /Users/grace/Sites/patronesdiseno/builder/index.php:0
